<?xml version="1.0" encoding="UTF-8" ?>
<testsuite errors="3" failures="0" hostname="WWW-6746401C5A7" name="test.common.component.cms.action.HttpActionTest" tests="6" time="4.406" timestamp="2009-06-23T14:03:43">
  <properties>
    <property name="java.vendor" value="Sun Microsystems Inc." />
    <property name="jdbcPassword" value="sa" />
    <property name="lib.dir" value="WebContent/WEB-INF/lib" />
    <property name="sun.java.launcher" value="SUN_STANDARD" />
    <property name="eclipse.pdebuild.templates" value="/E:/wtp/plugins/org.eclipse.pde.build_3.3.0.v20070612/templates/" />
    <property name="jdbcUrl" value="jdbc:mysql://localhost:3306/heh" />
    <property name="sun.management.compiler" value="HotSpot Client Compiler" />
    <property name="os.name" value="Windows XP" />
    <property name="sun.boot.class.path" value="D:\Program Files\Java\jdk1.6.0_03\jre\lib\resources.jar;D:\Program Files\Java\jdk1.6.0_03\jre\lib\rt.jar;D:\Program Files\Java\jdk1.6.0_03\jre\lib\sunrsasign.jar;D:\Program Files\Java\jdk1.6.0_03\jre\lib\jsse.jar;D:\Program Files\Java\jdk1.6.0_03\jre\lib\jce.jar;D:\Program Files\Java\jdk1.6.0_03\jre\lib\charsets.jar;D:\Program Files\Java\jdk1.6.0_03\jre\classes" />
    <property name="sun.desktop" value="windows" />
    <property name="java.vm.specification.vendor" value="Sun Microsystems Inc." />
    <property name="ant.home" value="E:\wtp\plugins\org.apache.ant_1.7.0.v200706080842" />
    <property name="java.runtime.version" value="1.6.0_03-b05" />
    <property name="user.name" value="Administrator" />
    <property name="jdbcDriver" value="com.mysql.jdbc.Driver" />
    <property name="build.dir" value="build" />
    <property name="user.language" value="zh" />
    <property name="sun.boot.library.path" value="D:\Program Files\Java\jdk1.6.0_03\jre\bin" />
    <property name="jdbcUseOuterJoin" value="true" />
    <property name="ant.project.name" value="struts2" />
    <property name="java.version" value="1.6.0_03" />
    <property name="version" value="1.0" />
    <property name="user.timezone" value="" />
    <property name="tomcat.dir" value="E:/Tomcat5.5" />
    <property name="sun.arch.data.model" value="32" />
    <property name="java.endorsed.dirs" value="D:\Program Files\Java\jdk1.6.0_03\jre\lib\endorsed" />
    <property name="sun.cpu.isalist" value="pentium_pro+mmx pentium_pro pentium+mmx pentium i486 i386 i86" />
    <property name="sun.jnu.encoding" value="GBK" />
    <property name="file.encoding.pkg" value="sun.io" />
    <property name="file.separator" value="\" />
    <property name="java.specification.name" value="Java Platform API Specification" />
    <property name="classes.dir" value="WebContent/WEB-INF/classes" />
    <property name="java.class.version" value="50.0" />
    <property name="user.country" value="CN" />
    <property name="java.home" value="D:\Program Files\Java\jdk1.6.0_03\jre" />
    <property name="java.vm.info" value="mixed mode, sharing" />
    <property name="ant.file" value="E:\strutsworkspace\struts2\buildjunit.xml" />
    <property name="os.version" value="5.1" />
    <property name="path.separator" value=";" />
    <property name="java.vm.version" value="1.6.0_03-b05" />
    <property name="user.variant" value="" />
    <property name="ant.library.dir" value="E:\wtp\plugins\org.apache.ant_1.7.0.v200706080842\lib" />
    <property name="java.awt.printerjob" value="sun.awt.windows.WPrinterJob" />
    <property name="sun.io.unicode.encoding" value="UnicodeLittle" />
    <property name="awt.toolkit" value="sun.awt.windows.WToolkit" />
    <property name="eclipse.pdebuild.scripts" value="/E:/wtp/plugins/org.eclipse.pde.build_3.3.0.v20070612/scripts/" />
    <property name="user.home" value="C:\Documents and Settings\Administrator" />
    <property name="java.specification.vendor" value="Sun Microsystems Inc." />
    <property name="junit.dir" value="E:/wtp/plugins/org.junit4_4.3.1" />
    <property name="java.library.path" value="E:\wtp;.;C:\WINDOWS\Sun\Java\bin;C:\WINDOWS\system32;C:\WINDOWS;D:\Program Files\Java\jre1.6.0_03\bin\client;D:\Program Files\Java\jre1.6.0_03\bin;D:\Program Files\Borland\Delphi7\Bin;D:\Program Files\Borland\Delphi7\Projects\Bpl\;C:\WINDOWS\system32;C:\WINDOWS;C:\WINDOWS\System32\Wbem;C:\Program Files\Microsoft SQL Server\80\Tools\BINN;D:\Program Files\Java\jdk1.6.0_03\bin;E:\MySQL5.0\bin;d:\Program Files\IDM Computer Solutions\UltraEdit-32;C:\Program Files\CVSNT\;E:\wtp\configuration\org.eclipse.osgi\bundles\312\1\.cp" />
    <property name="java.vendor.url" value="http://java.sun.com/" />
    <property name="poolPreparedStatements" value="true" />
    <property name="java.vm.vendor" value="Sun Microsystems Inc." />
    <property name="java.runtime.name" value="Java(TM) SE Runtime Environment" />
    <property name="java.class.path" value="E:\wtp\plugins\org.apache.ant_1.7.0.v200706080842\lib\ant.jar;E:\wtp\plugins\org.apache.ant_1.7.0.v200706080842\lib\ant-antlr.jar;E:\wtp\plugins\org.apache.ant_1.7.0.v200706080842\lib\ant-apache-bcel.jar;E:\wtp\plugins\org.apache.ant_1.7.0.v200706080842\lib\ant-apache-bsf.jar;E:\wtp\plugins\org.apache.ant_1.7.0.v200706080842\lib\ant-apache-log4j.jar;E:\wtp\plugins\org.apache.ant_1.7.0.v200706080842\lib\ant-apache-oro.jar;E:\wtp\plugins\org.apache.ant_1.7.0.v200706080842\lib\ant-apache-regexp.jar;E:\wtp\plugins\org.apache.ant_1.7.0.v200706080842\lib\ant-apache-resolver.jar;E:\wtp\plugins\org.apache.ant_1.7.0.v200706080842\lib\ant-commons-logging.jar;E:\wtp\plugins\org.apache.ant_1.7.0.v200706080842\lib\ant-commons-net.jar;E:\wtp\plugins\org.apache.ant_1.7.0.v200706080842\lib\ant-jai.jar;E:\wtp\plugins\org.apache.ant_1.7.0.v200706080842\lib\ant-javamail.jar;E:\wtp\plugins\org.apache.ant_1.7.0.v200706080842\lib\ant-jdepend.jar;E:\wtp\plugins\org.apache.ant_1.7.0.v200706080842\lib\ant-jmf.jar;E:\wtp\plugins\org.apache.ant_1.7.0.v200706080842\lib\ant-jsch.jar;E:\wtp\plugins\org.apache.ant_1.7.0.v200706080842\lib\ant-junit.jar;E:\wtp\plugins\org.apache.ant_1.7.0.v200706080842\lib\ant-launcher.jar;E:\wtp\plugins\org.apache.ant_1.7.0.v200706080842\lib\ant-netrexx.jar;E:\wtp\plugins\org.apache.ant_1.7.0.v200706080842\lib\ant-nodeps.jar;E:\wtp\plugins\org.apache.ant_1.7.0.v200706080842\lib\ant-starteam.jar;E:\wtp\plugins\org.apache.ant_1.7.0.v200706080842\lib\ant-stylebook.jar;E:\wtp\plugins\org.apache.ant_1.7.0.v200706080842\lib\ant-swing.jar;E:\wtp\plugins\org.apache.ant_1.7.0.v200706080842\lib\ant-trax.jar;E:\wtp\plugins\org.apache.ant_1.7.0.v200706080842\lib\ant-weblogic.jar;E:\wtp\configuration\org.eclipse.osgi\bundles\20\1\.cp\lib\remoteAnt.jar;D:\Program Files\Java\jdk1.6.0_03\lib\tools.jar;E:\wtp\plugins\org.eclipse.swt.win32.win32.x86_3.3.0.v3346.jar;E:\wtp\plugins\com.spket.swt_1.6.6.jar" />
    <property name="ant.version" value="Apache Ant version 1.7.0 compiled on December 13 2006" />
    <property name="jdbcUsePool" value="true" />
    <property name="app.name" value="struts2" />
    <property name="java.vm.specification.name" value="Java Virtual Machine Specification" />
    <property name="java.vm.specification.version" value="1.0" />
    <property name="sun.cpu.endian" value="little" />
    <property name="sun.os.patch.level" value="Service Pack 2" />
    <property name="eclipse.pdebuild.home" value="/E:/wtp/plugins/org.eclipse.pde.build_3.3.0.v20070612/./" />
    <property name="java.io.tmpdir" value="C:\DOCUME~1\ADMINI~1\LOCALS~1\Temp\" />
    <property name="java.vendor.url.bug" value="http://java.sun.com/cgi-bin/bugreport.cgi" />
    <property name="os.arch" value="x86" />
    <property name="java.awt.graphicsenv" value="sun.awt.Win32GraphicsEnvironment" />
    <property name="java.ext.dirs" value="D:\Program Files\Java\jdk1.6.0_03\jre\lib\ext;C:\WINDOWS\Sun\Java\lib\ext" />
    <property name="hibernatedoclet" value="xdoclet.modules.hibernate.HibernateDocletTask" />
    <property name="jdbcDialect" value="org.hibernate.dialect.MySQLDialect" />
    <property name="user.dir" value="E:\strutsworkspace\struts2" />
    <property name="line.separator" value="
" />
    <property name="java.vm.name" value="Java HotSpot(TM) Client VM" />
    <property name="app.version" value="1.0" />
    <property name="ant.file.struts2" value="E:\strutsworkspace\struts2\buildjunit.xml" />
    <property name="basedir" value="E:\strutsworkspace\struts2" />
    <property name="ant.java.version" value="1.6" />
    <property name="ant.core.lib" value="E:\wtp\plugins\org.apache.ant_1.7.0.v200706080842\lib\ant.jar" />
    <property name="jdbcUser" value="root" />
    <property name="file.encoding" value="GBK" />
    <property name="xdlib.dir" value="WebContent/WEB-INF/xdlib" />
    <property name="schemaexport" value="org.hibernate.tool.hbm2ddl.SchemaExportTask" />
    <property name="java.specification.version" value="1.6" />
    <property name="generated.dir" value="generated" />
    <property name="src.dir" value="src" />
    <property name="transactionManagerFactory" value="org.hibernate.transaction.JDBCTransactionFactory" />
    <property name="jdbcShowSql" value="true" />
  </properties>
  <testcase classname="test.common.component.cms.action.HttpActionTest" name="testSave" time="1.015">
    <error message="SQL array must not be empty" type="java.lang.IllegalArgumentException">java.lang.IllegalArgumentException: SQL array must not be empty
	at org.springframework.util.Assert.notEmpty(Assert.java:214)
	at org.springframework.jdbc.core.JdbcTemplate.batchUpdate(JdbcTemplate.java:501)
	at common.component.ectable.dao.jdbc.EcTableDAOJdbcImpl4MySQL.executeBatch(EcTableDAOJdbcImpl4MySQL.java:127)
	at common.component.cms.service.impl.HttpServiceImpl.save(HttpServiceImpl.java:118)
	at org.springframework.aop.support.AopUtils.invokeJoinpointUsingReflection(AopUtils.java:301)
	at org.springframework.aop.framework.ReflectiveMethodInvocation.invokeJoinpoint(ReflectiveMethodInvocation.java:182)
	at org.springframework.aop.framework.ReflectiveMethodInvocation.proceed(ReflectiveMethodInvocation.java:149)
	at org.springframework.transaction.interceptor.TransactionInterceptor.invoke(TransactionInterceptor.java:106)
	at org.springframework.aop.framework.ReflectiveMethodInvocation.proceed(ReflectiveMethodInvocation.java:171)
	at org.springframework.aop.framework.JdkDynamicAopProxy.invoke(JdkDynamicAopProxy.java:204)
	at $Proxy7.save(Unknown Source)
	at common.component.cms.action.HttpAction.save(HttpAction.java:78)
	at com.opensymphony.xwork2.DefaultActionInvocation.invokeAction(DefaultActionInvocation.java:404)
	at com.opensymphony.xwork2.DefaultActionInvocation.invokeActionOnly(DefaultActionInvocation.java:267)
	at com.opensymphony.xwork2.DefaultActionInvocation.invoke(DefaultActionInvocation.java:229)
	at com.opensymphony.xwork2.interceptor.DefaultWorkflowInterceptor.doIntercept(DefaultWorkflowInterceptor.java:221)
	at com.opensymphony.xwork2.interceptor.MethodFilterInterceptor.intercept(MethodFilterInterceptor.java:86)
	at com.opensymphony.xwork2.DefaultActionInvocation$2.doProfiling(DefaultActionInvocation.java:224)
	at com.opensymphony.xwork2.DefaultActionInvocation$2.doProfiling(DefaultActionInvocation.java:223)
	at com.opensymphony.xwork2.util.profiling.UtilTimerStack.profile(UtilTimerStack.java:455)
	at com.opensymphony.xwork2.DefaultActionInvocation.invoke(DefaultActionInvocation.java:221)
	at com.opensymphony.xwork2.validator.ValidationInterceptor.doIntercept(ValidationInterceptor.java:150)
	at org.apache.struts2.interceptor.validation.AnnotationValidationInterceptor.doIntercept(AnnotationValidationInterceptor.java:48)
	at com.opensymphony.xwork2.interceptor.MethodFilterInterceptor.intercept(MethodFilterInterceptor.java:86)
	at com.opensymphony.xwork2.DefaultActionInvocation$2.doProfiling(DefaultActionInvocation.java:224)
	at com.opensymphony.xwork2.DefaultActionInvocation$2.doProfiling(DefaultActionInvocation.java:223)
	at com.opensymphony.xwork2.util.profiling.UtilTimerStack.profile(UtilTimerStack.java:455)
	at com.opensymphony.xwork2.DefaultActionInvocation.invoke(DefaultActionInvocation.java:221)
	at com.opensymphony.xwork2.interceptor.ConversionErrorInterceptor.intercept(ConversionErrorInterceptor.java:123)
	at com.opensymphony.xwork2.DefaultActionInvocation$2.doProfiling(DefaultActionInvocation.java:224)
	at com.opensymphony.xwork2.DefaultActionInvocation$2.doProfiling(DefaultActionInvocation.java:223)
	at com.opensymphony.xwork2.util.profiling.UtilTimerStack.profile(UtilTimerStack.java:455)
	at com.opensymphony.xwork2.DefaultActionInvocation.invoke(DefaultActionInvocation.java:221)
	at com.opensymphony.xwork2.interceptor.ParametersInterceptor.doIntercept(ParametersInterceptor.java:167)
	at com.opensymphony.xwork2.interceptor.MethodFilterInterceptor.intercept(MethodFilterInterceptor.java:86)
	at com.opensymphony.xwork2.DefaultActionInvocation$2.doProfiling(DefaultActionInvocation.java:224)
	at com.opensymphony.xwork2.DefaultActionInvocation$2.doProfiling(DefaultActionInvocation.java:223)
	at com.opensymphony.xwork2.util.profiling.UtilTimerStack.profile(UtilTimerStack.java:455)
	at com.opensymphony.xwork2.DefaultActionInvocation.invoke(DefaultActionInvocation.java:221)
	at com.opensymphony.xwork2.interceptor.StaticParametersInterceptor.intercept(StaticParametersInterceptor.java:105)
	at com.opensymphony.xwork2.DefaultActionInvocation$2.doProfiling(DefaultActionInvocation.java:224)
	at com.opensymphony.xwork2.DefaultActionInvocation$2.doProfiling(DefaultActionInvocation.java:223)
	at com.opensymphony.xwork2.util.profiling.UtilTimerStack.profile(UtilTimerStack.java:455)
	at com.opensymphony.xwork2.DefaultActionInvocation.invoke(DefaultActionInvocation.java:221)
	at org.apache.struts2.interceptor.CheckboxInterceptor.intercept(CheckboxInterceptor.java:83)
	at com.opensymphony.xwork2.DefaultActionInvocation$2.doProfiling(DefaultActionInvocation.java:224)
	at com.opensymphony.xwork2.DefaultActionInvocation$2.doProfiling(DefaultActionInvocation.java:223)
	at com.opensymphony.xwork2.util.profiling.UtilTimerStack.profile(UtilTimerStack.java:455)
	at com.opensymphony.xwork2.DefaultActionInvocation.invoke(DefaultActionInvocation.java:221)
	at org.apache.struts2.interceptor.FileUploadInterceptor.intercept(FileUploadInterceptor.java:207)
	at com.opensymphony.xwork2.DefaultActionInvocation$2.doProfiling(DefaultActionInvocation.java:224)
	at com.opensymphony.xwork2.DefaultActionInvocation$2.doProfiling(DefaultActionInvocation.java:223)
	at com.opensymphony.xwork2.util.profiling.UtilTimerStack.profile(UtilTimerStack.java:455)
	at com.opensymphony.xwork2.DefaultActionInvocation.invoke(DefaultActionInvocation.java:221)
	at com.opensymphony.xwork2.interceptor.ModelDrivenInterceptor.intercept(ModelDrivenInterceptor.java:74)
	at com.opensymphony.xwork2.DefaultActionInvocation$2.doProfiling(DefaultActionInvocation.java:224)
	at com.opensymphony.xwork2.DefaultActionInvocation$2.doProfiling(DefaultActionInvocation.java:223)
	at com.opensymphony.xwork2.util.profiling.UtilTimerStack.profile(UtilTimerStack.java:455)
	at com.opensymphony.xwork2.DefaultActionInvocation.invoke(DefaultActionInvocation.java:221)
	at com.opensymphony.xwork2.interceptor.ScopedModelDrivenInterceptor.intercept(ScopedModelDrivenInterceptor.java:127)
	at com.opensymphony.xwork2.DefaultActionInvocation$2.doProfiling(DefaultActionInvocation.java:224)
	at com.opensymphony.xwork2.DefaultActionInvocation$2.doProfiling(DefaultActionInvocation.java:223)
	at com.opensymphony.xwork2.util.profiling.UtilTimerStack.profile(UtilTimerStack.java:455)
	at com.opensymphony.xwork2.DefaultActionInvocation.invoke(DefaultActionInvocation.java:221)
	at org.apache.struts2.interceptor.ProfilingActivationInterceptor.intercept(ProfilingActivationInterceptor.java:107)
	at com.opensymphony.xwork2.DefaultActionInvocation$2.doProfiling(DefaultActionInvocation.java:224)
	at com.opensymphony.xwork2.DefaultActionInvocation$2.doProfiling(DefaultActionInvocation.java:223)
	at com.opensymphony.xwork2.util.profiling.UtilTimerStack.profile(UtilTimerStack.java:455)
	at com.opensymphony.xwork2.DefaultActionInvocation.invoke(DefaultActionInvocation.java:221)
	at org.apache.struts2.interceptor.debugging.DebuggingInterceptor.intercept(DebuggingInterceptor.java:206)
	at com.opensymphony.xwork2.DefaultActionInvocation$2.doProfiling(DefaultActionInvocation.java:224)
	at com.opensymphony.xwork2.DefaultActionInvocation$2.doProfiling(DefaultActionInvocation.java:223)
	at com.opensymphony.xwork2.util.profiling.UtilTimerStack.profile(UtilTimerStack.java:455)
	at com.opensymphony.xwork2.DefaultActionInvocation.invoke(DefaultActionInvocation.java:221)
	at com.opensymphony.xwork2.interceptor.ChainingInterceptor.intercept(ChainingInterceptor.java:115)
	at com.opensymphony.xwork2.DefaultActionInvocation$2.doProfiling(DefaultActionInvocation.java:224)
	at com.opensymphony.xwork2.DefaultActionInvocation$2.doProfiling(DefaultActionInvocation.java:223)
	at com.opensymphony.xwork2.util.profiling.UtilTimerStack.profile(UtilTimerStack.java:455)
	at com.opensymphony.xwork2.DefaultActionInvocation.invoke(DefaultActionInvocation.java:221)
	at com.opensymphony.xwork2.interceptor.I18nInterceptor.intercept(I18nInterceptor.java:143)
	at com.opensymphony.xwork2.DefaultActionInvocation$2.doProfiling(DefaultActionInvocation.java:224)
	at com.opensymphony.xwork2.DefaultActionInvocation$2.doProfiling(DefaultActionInvocation.java:223)
	at com.opensymphony.xwork2.util.profiling.UtilTimerStack.profile(UtilTimerStack.java:455)
	at com.opensymphony.xwork2.DefaultActionInvocation.invoke(DefaultActionInvocation.java:221)
	at com.opensymphony.xwork2.interceptor.PrepareInterceptor.doIntercept(PrepareInterceptor.java:121)
	at com.opensymphony.xwork2.interceptor.MethodFilterInterceptor.intercept(MethodFilterInterceptor.java:86)
	at com.opensymphony.xwork2.DefaultActionInvocation$2.doProfiling(DefaultActionInvocation.java:224)
	at com.opensymphony.xwork2.DefaultActionInvocation$2.doProfiling(DefaultActionInvocation.java:223)
	at com.opensymphony.xwork2.util.profiling.UtilTimerStack.profile(UtilTimerStack.java:455)
	at com.opensymphony.xwork2.DefaultActionInvocation.invoke(DefaultActionInvocation.java:221)
	at org.apache.struts2.interceptor.ServletConfigInterceptor.intercept(ServletConfigInterceptor.java:170)
	at com.opensymphony.xwork2.DefaultActionInvocation$2.doProfiling(DefaultActionInvocation.java:224)
	at com.opensymphony.xwork2.DefaultActionInvocation$2.doProfiling(DefaultActionInvocation.java:223)
	at com.opensymphony.xwork2.util.profiling.UtilTimerStack.profile(UtilTimerStack.java:455)
	at com.opensymphony.xwork2.DefaultActionInvocation.invoke(DefaultActionInvocation.java:221)
	at com.opensymphony.xwork2.interceptor.AliasInterceptor.intercept(AliasInterceptor.java:123)
	at com.opensymphony.xwork2.DefaultActionInvocation$2.doProfiling(DefaultActionInvocation.java:224)
	at com.opensymphony.xwork2.DefaultActionInvocation$2.doProfiling(DefaultActionInvocation.java:223)
	at com.opensymphony.xwork2.util.profiling.UtilTimerStack.profile(UtilTimerStack.java:455)
	at com.opensymphony.xwork2.DefaultActionInvocation.invoke(DefaultActionInvocation.java:221)
	at com.opensymphony.xwork2.interceptor.ExceptionMappingInterceptor.intercept(ExceptionMappingInterceptor.java:176)
	at com.opensymphony.xwork2.DefaultActionInvocation$2.doProfiling(DefaultActionInvocation.java:224)
	at com.opensymphony.xwork2.DefaultActionInvocation$2.doProfiling(DefaultActionInvocation.java:223)
	at com.opensymphony.xwork2.util.profiling.UtilTimerStack.profile(UtilTimerStack.java:455)
	at com.opensymphony.xwork2.DefaultActionInvocation.invoke(DefaultActionInvocation.java:221)
	at org.apache.struts2.impl.StrutsActionProxy.execute(StrutsActionProxy.java:50)
	at test.common.component.cms.action.HttpActionTest.testSave(HttpActionTest.java:88)
	at org.eclipse.ant.internal.ui.antsupport.EclipseDefaultExecutor.executeTargets(EclipseDefaultExecutor.java:32)
	at org.eclipse.ant.internal.ui.antsupport.InternalAntRunner.run(InternalAntRunner.java:423)
	at org.eclipse.ant.internal.ui.antsupport.InternalAntRunner.main(InternalAntRunner.java:137)
</error>
  </testcase>
  <testcase classname="test.common.component.cms.action.HttpActionTest" name="testDelete" time="0.469">
    <error message="SQL array must not be empty" type="java.lang.IllegalArgumentException">java.lang.IllegalArgumentException: SQL array must not be empty
	at org.springframework.util.Assert.notEmpty(Assert.java:214)
	at org.springframework.jdbc.core.JdbcTemplate.batchUpdate(JdbcTemplate.java:501)
	at common.component.ectable.dao.jdbc.EcTableDAOJdbcImpl4MySQL.executeBatch(EcTableDAOJdbcImpl4MySQL.java:127)
	at common.component.cms.service.impl.HttpServiceImpl.save(HttpServiceImpl.java:118)
	at org.springframework.aop.support.AopUtils.invokeJoinpointUsingReflection(AopUtils.java:301)
	at org.springframework.aop.framework.ReflectiveMethodInvocation.invokeJoinpoint(ReflectiveMethodInvocation.java:182)
	at org.springframework.aop.framework.ReflectiveMethodInvocation.proceed(ReflectiveMethodInvocation.java:149)
	at org.springframework.transaction.interceptor.TransactionInterceptor.invoke(TransactionInterceptor.java:106)
	at org.springframework.aop.framework.ReflectiveMethodInvocation.proceed(ReflectiveMethodInvocation.java:171)
	at org.springframework.aop.framework.JdkDynamicAopProxy.invoke(JdkDynamicAopProxy.java:204)
	at $Proxy7.save(Unknown Source)
	at common.component.cms.action.HttpAction.save(HttpAction.java:78)
	at test.common.component.cms.action.HttpActionTest.testDelete(HttpActionTest.java:119)
	at org.eclipse.ant.internal.ui.antsupport.EclipseDefaultExecutor.executeTargets(EclipseDefaultExecutor.java:32)
	at org.eclipse.ant.internal.ui.antsupport.InternalAntRunner.run(InternalAntRunner.java:423)
	at org.eclipse.ant.internal.ui.antsupport.InternalAntRunner.main(InternalAntRunner.java:137)
</error>
  </testcase>
  <testcase classname="test.common.component.cms.action.HttpActionTest" name="testUpdate" time="0.313">
    <error message="StatementCallback; bad SQL grammar [select  p_id,p_title  from in_sale alias where  p_title=&apos;test&apos; ]; nested exception is com.mysql.jdbc.exceptions.jdbc4.MySQLSyntaxErrorException: Unknown column &apos;p_title&apos; in &apos;field list&apos;" type="org.springframework.jdbc.BadSqlGrammarException">org.springframework.jdbc.BadSqlGrammarException: StatementCallback; bad SQL grammar [select  p_id,p_title  from in_sale alias where  p_title=&apos;test&apos; ]; nested exception is com.mysql.jdbc.exceptions.jdbc4.MySQLSyntaxErrorException: Unknown column &apos;p_title&apos; in &apos;field list&apos;
	at org.springframework.jdbc.support.SQLExceptionSubclassTranslator.translate(SQLExceptionSubclassTranslator.java:78)
	at org.springframework.jdbc.support.SQLErrorCodeSQLExceptionTranslator.translate(SQLErrorCodeSQLExceptionTranslator.java:237)
	at org.springframework.jdbc.core.JdbcTemplate.execute(JdbcTemplate.java:382)
	at org.springframework.jdbc.core.JdbcTemplate.query(JdbcTemplate.java:433)
	at org.springframework.jdbc.core.JdbcTemplate.query(JdbcTemplate.java:441)
	at common.component.ectable.dao.jdbc.EcTableDAOJdbcImpl4MySQL.getSimpleList(EcTableDAOJdbcImpl4MySQL.java:113)
	at common.component.cms.service.impl.HttpServiceImpl.getList(HttpServiceImpl.java:327)
	at org.springframework.aop.support.AopUtils.invokeJoinpointUsingReflection(AopUtils.java:301)
	at org.springframework.aop.framework.ReflectiveMethodInvocation.invokeJoinpoint(ReflectiveMethodInvocation.java:182)
	at org.springframework.aop.framework.ReflectiveMethodInvocation.proceed(ReflectiveMethodInvocation.java:149)
	at org.springframework.transaction.interceptor.TransactionInterceptor.invoke(TransactionInterceptor.java:106)
	at org.springframework.aop.framework.ReflectiveMethodInvocation.proceed(ReflectiveMethodInvocation.java:171)
	at org.springframework.aop.framework.JdkDynamicAopProxy.invoke(JdkDynamicAopProxy.java:204)
	at $Proxy7.getList(Unknown Source)
	at test.common.component.cms.action.HttpActionTest.getOneContentId(HttpActionTest.java:187)
	at test.common.component.cms.action.HttpActionTest.testUpdate(HttpActionTest.java:149)
	at org.eclipse.ant.internal.ui.antsupport.EclipseDefaultExecutor.executeTargets(EclipseDefaultExecutor.java:32)
	at org.eclipse.ant.internal.ui.antsupport.InternalAntRunner.run(InternalAntRunner.java:423)
	at org.eclipse.ant.internal.ui.antsupport.InternalAntRunner.main(InternalAntRunner.java:137)
Caused by: com.mysql.jdbc.exceptions.jdbc4.MySQLSyntaxErrorException: Unknown column &apos;p_title&apos; in &apos;field list&apos;
	at java.lang.reflect.Constructor.newInstance(Constructor.java:513)
	at com.mysql.jdbc.Util.handleNewInstance(Util.java:403)
	at com.mysql.jdbc.Util.getInstance(Util.java:378)
	at com.mysql.jdbc.SQLError.createSQLException(SQLError.java:1031)
	at com.mysql.jdbc.SQLError.createSQLException(SQLError.java:957)
	at com.mysql.jdbc.MysqlIO.checkErrorPacket(MysqlIO.java:3361)
	at com.mysql.jdbc.MysqlIO.checkErrorPacket(MysqlIO.java:3295)
	at com.mysql.jdbc.MysqlIO.sendCommand(MysqlIO.java:1852)
	at com.mysql.jdbc.MysqlIO.sqlQueryDirect(MysqlIO.java:1975)
	at com.mysql.jdbc.ConnectionImpl.execSQL(ConnectionImpl.java:2470)
	at com.mysql.jdbc.ConnectionImpl.execSQL(ConnectionImpl.java:2399)
	at com.mysql.jdbc.StatementImpl.executeQuery(StatementImpl.java:1218)
	at org.apache.commons.dbcp.DelegatingStatement.executeQuery(DelegatingStatement.java:205)
	at org.springframework.jdbc.core.JdbcTemplate$1QueryStatementCallback.doInStatement(JdbcTemplate.java:418)
	at org.springframework.jdbc.core.JdbcTemplate.execute(JdbcTemplate.java:371)
</error>
  </testcase>
  <testcase classname="test.common.component.cms.action.HttpActionTest" name="testSearch" time="0.812" />
  <testcase classname="test.common.component.cms.action.HttpActionTest" name="testNewOne" time="0.969" />
  <testcase classname="test.common.component.cms.action.HttpActionTest" name="testEdit" time="0.812" />
  <system-out><![CDATA[Hibernate: select catalogue0_.p_id as p1_4_1_, catalogue0_.p_name as p2_4_1_, catalogue0_.p_parent as p3_4_1_, catalogue0_.p_order as p4_4_1_, catalogue0_.p_tablename as p5_4_1_, catalogue0_.p_version as p6_4_1_, catalogue0_.p_createTime as p7_4_1_, catalogue0_.p_modifyTime as p8_4_1_, catalogue0_.p_creator as p9_4_1_, catalogue0_.p_modifier as p10_4_1_, catalogue0_.p_remark as p11_4_1_, catalogue0_.p_deleted as p12_4_1_, catalogue1_.p_id as p1_4_0_, catalogue1_.p_name as p2_4_0_, catalogue1_.p_parent as p3_4_0_, catalogue1_.p_order as p4_4_0_, catalogue1_.p_tablename as p5_4_0_, catalogue1_.p_version as p6_4_0_, catalogue1_.p_createTime as p7_4_0_, catalogue1_.p_modifyTime as p8_4_0_, catalogue1_.p_creator as p9_4_0_, catalogue1_.p_modifier as p10_4_0_, catalogue1_.p_remark as p11_4_0_, catalogue1_.p_deleted as p12_4_0_ from t_catalogue catalogue0_ left outer join t_catalogue catalogue1_ on catalogue0_.p_parent=catalogue1_.p_id where catalogue0_.p_id=?
Hibernate: select attribute0_.p_id as p1_6_, attribute0_.p_name as p2_6_, attribute0_.p_catalogue as p3_6_, attribute0_.p_column as p4_6_, attribute0_.p_type as p5_6_, attribute0_.p_length as p6_6_, attribute0_.p_createTime as p7_6_, attribute0_.p_modifyTime as p8_6_, attribute0_.p_creator as p9_6_, attribute0_.p_modifier as p10_6_, attribute0_.p_remark as p11_6_, attribute0_.p_deleted as p12_6_ from t_attribute attribute0_ where 1=1 and attribute0_.p_catalogue='12'
Hibernate: select catalogue0_.p_id as p1_4_1_, catalogue0_.p_name as p2_4_1_, catalogue0_.p_parent as p3_4_1_, catalogue0_.p_order as p4_4_1_, catalogue0_.p_tablename as p5_4_1_, catalogue0_.p_version as p6_4_1_, catalogue0_.p_createTime as p7_4_1_, catalogue0_.p_modifyTime as p8_4_1_, catalogue0_.p_creator as p9_4_1_, catalogue0_.p_modifier as p10_4_1_, catalogue0_.p_remark as p11_4_1_, catalogue0_.p_deleted as p12_4_1_, catalogue1_.p_id as p1_4_0_, catalogue1_.p_name as p2_4_0_, catalogue1_.p_parent as p3_4_0_, catalogue1_.p_order as p4_4_0_, catalogue1_.p_tablename as p5_4_0_, catalogue1_.p_version as p6_4_0_, catalogue1_.p_createTime as p7_4_0_, catalogue1_.p_modifyTime as p8_4_0_, catalogue1_.p_creator as p9_4_0_, catalogue1_.p_modifier as p10_4_0_, catalogue1_.p_remark as p11_4_0_, catalogue1_.p_deleted as p12_4_0_ from t_catalogue catalogue0_ left outer join t_catalogue catalogue1_ on catalogue0_.p_parent=catalogue1_.p_id where catalogue0_.p_id=?
2009-06-23 22:03:44,453 DEBUG [main] impl.HttpServiceImpl (HttpServiceImpl.java:96) - 
2009-06-23 22:03:44,453 DEBUG [main] impl.HttpServiceImpl (HttpServiceImpl.java:96) - 
2009-06-23 22:03:44,453 DEBUG [main] impl.HttpServiceImpl (HttpServiceImpl.java:96) - 
2009-06-23 22:03:44,453 DEBUG [main] impl.HttpServiceImpl (HttpServiceImpl.java:96) - 
2009-06-23 22:03:44,468 DEBUG [main] impl.HttpServiceImpl (HttpServiceImpl.java:96) - 
2009-06-23 22:03:44,468 INFO  [main] jdbc.EcTableDAOJdbcImpl4MySQL (EcTableDAOJdbcImpl4MySQL.java:126) - ECTABLE JDBC :[]
Hibernate: select catalogue0_.p_id as p1_4_1_, catalogue0_.p_name as p2_4_1_, catalogue0_.p_parent as p3_4_1_, catalogue0_.p_order as p4_4_1_, catalogue0_.p_tablename as p5_4_1_, catalogue0_.p_version as p6_4_1_, catalogue0_.p_createTime as p7_4_1_, catalogue0_.p_modifyTime as p8_4_1_, catalogue0_.p_creator as p9_4_1_, catalogue0_.p_modifier as p10_4_1_, catalogue0_.p_remark as p11_4_1_, catalogue0_.p_deleted as p12_4_1_, catalogue1_.p_id as p1_4_0_, catalogue1_.p_name as p2_4_0_, catalogue1_.p_parent as p3_4_0_, catalogue1_.p_order as p4_4_0_, catalogue1_.p_tablename as p5_4_0_, catalogue1_.p_version as p6_4_0_, catalogue1_.p_createTime as p7_4_0_, catalogue1_.p_modifyTime as p8_4_0_, catalogue1_.p_creator as p9_4_0_, catalogue1_.p_modifier as p10_4_0_, catalogue1_.p_remark as p11_4_0_, catalogue1_.p_deleted as p12_4_0_ from t_catalogue catalogue0_ left outer join t_catalogue catalogue1_ on catalogue0_.p_parent=catalogue1_.p_id where catalogue0_.p_id=?
2009-06-23 22:03:44,937 DEBUG [main] impl.HttpServiceImpl (HttpServiceImpl.java:96) - 
2009-06-23 22:03:44,937 DEBUG [main] impl.HttpServiceImpl (HttpServiceImpl.java:96) - 
2009-06-23 22:03:44,937 DEBUG [main] impl.HttpServiceImpl (HttpServiceImpl.java:96) - 
2009-06-23 22:03:44,937 DEBUG [main] impl.HttpServiceImpl (HttpServiceImpl.java:96) - 
2009-06-23 22:03:44,937 DEBUG [main] impl.HttpServiceImpl (HttpServiceImpl.java:96) - 
2009-06-23 22:03:44,937 INFO  [main] jdbc.EcTableDAOJdbcImpl4MySQL (EcTableDAOJdbcImpl4MySQL.java:126) - ECTABLE JDBC :[]
Hibernate: select catalogue0_.p_id as p1_4_1_, catalogue0_.p_name as p2_4_1_, catalogue0_.p_parent as p3_4_1_, catalogue0_.p_order as p4_4_1_, catalogue0_.p_tablename as p5_4_1_, catalogue0_.p_version as p6_4_1_, catalogue0_.p_createTime as p7_4_1_, catalogue0_.p_modifyTime as p8_4_1_, catalogue0_.p_creator as p9_4_1_, catalogue0_.p_modifier as p10_4_1_, catalogue0_.p_remark as p11_4_1_, catalogue0_.p_deleted as p12_4_1_, catalogue1_.p_id as p1_4_0_, catalogue1_.p_name as p2_4_0_, catalogue1_.p_parent as p3_4_0_, catalogue1_.p_order as p4_4_0_, catalogue1_.p_tablename as p5_4_0_, catalogue1_.p_version as p6_4_0_, catalogue1_.p_createTime as p7_4_0_, catalogue1_.p_modifyTime as p8_4_0_, catalogue1_.p_creator as p9_4_0_, catalogue1_.p_modifier as p10_4_0_, catalogue1_.p_remark as p11_4_0_, catalogue1_.p_deleted as p12_4_0_ from t_catalogue catalogue0_ left outer join t_catalogue catalogue1_ on catalogue0_.p_parent=catalogue1_.p_id where catalogue0_.p_id=?
2009-06-23 22:03:45,250 INFO  [main] jdbc.EcTableDAOJdbcImpl4MySQL (EcTableDAOJdbcImpl4MySQL.java:112) - ECTABLE JDBC :select  p_id,p_title  from in_sale alias where  p_title='test' 
Hibernate: select catalogue0_.p_id as p1_4_1_, catalogue0_.p_name as p2_4_1_, catalogue0_.p_parent as p3_4_1_, catalogue0_.p_order as p4_4_1_, catalogue0_.p_tablename as p5_4_1_, catalogue0_.p_version as p6_4_1_, catalogue0_.p_createTime as p7_4_1_, catalogue0_.p_modifyTime as p8_4_1_, catalogue0_.p_creator as p9_4_1_, catalogue0_.p_modifier as p10_4_1_, catalogue0_.p_remark as p11_4_1_, catalogue0_.p_deleted as p12_4_1_, catalogue1_.p_id as p1_4_0_, catalogue1_.p_name as p2_4_0_, catalogue1_.p_parent as p3_4_0_, catalogue1_.p_order as p4_4_0_, catalogue1_.p_tablename as p5_4_0_, catalogue1_.p_version as p6_4_0_, catalogue1_.p_createTime as p7_4_0_, catalogue1_.p_modifyTime as p8_4_0_, catalogue1_.p_creator as p9_4_0_, catalogue1_.p_modifier as p10_4_0_, catalogue1_.p_remark as p11_4_0_, catalogue1_.p_deleted as p12_4_0_ from t_catalogue catalogue0_ left outer join t_catalogue catalogue1_ on catalogue0_.p_parent=catalogue1_.p_id where catalogue0_.p_id=?
2009-06-23 22:03:46,031 INFO  [main] jdbc.EcTableDAOJdbcImpl4MySQL (EcTableDAOJdbcImpl4MySQL.java:89) - JDBC : SELECT count(*) FROM (     SELECT ECTABLE.*   FROM ( select * from in_sale where p_deleted is null group by p_id ) ECTABLE  WHERE 1=1  ) totalTable 
2009-06-23 22:03:46,046 INFO  [main] jdbc.EcTableDAOJdbcImpl4MySQL (EcTableDAOJdbcImpl4MySQL.java:78) - ECTABLE JDBC :    SELECT ECTABLE.*   FROM ( select * from in_sale where p_deleted is null group by p_id ) ECTABLE  WHERE 1=1  limit 0,30
-------------
-------------
-------------
]]></system-out>
  <system-err><![CDATA[]]></system-err>
</testsuite>
